<?xml version="1.0" encoding="UTF-8"?>
<!-- Generated by org.testng.reporters.JUnitXMLReporter -->
<testsuite hostname="LTIN352866" ignored="0" name="Default test" tests="1" failures="1" timestamp="2022-02-25T12:49:55 IST" time="36.189" errors="0">
  <testcase name="runScenario" time="34.668" classname="io.cucumber.testng.AbstractTestNGCucumberTests">
    <failure type="org.openqa.selenium.NoSuchElementException" message="no such element: Unable to locate element: {&amp;quot;method&amp;quot;:&amp;quot;css selector&amp;quot;,&amp;quot;selector&amp;quot;:&amp;quot;body &amp;gt; div:nth-child(1) &amp;gt; div:nth-child(12) &amp;gt; product-deck:nth-child(1) &amp;gt; section:nth-child(2) &amp;gt; div:nth-child(2) &amp;gt; div:nth-child(4) &amp;gt; div:nth-child(1) &amp;gt; div:nth-child(2) &amp;gt; div:nth-child(1) &amp;gt; div:nth-child(2) &amp;gt; div:nth-child(1) &amp;gt; div:nth-child(2) &amp;gt; product-template:nth-child(1) &amp;gt; div:nth-child(1) &amp;gt; div:nth-child(4) &amp;gt; div:nth-child(3) &amp;gt; div:nth-child(1) &amp;gt; div:nth-child(1) &amp;gt; h4:nth-child(2) &amp;gt; span:nth-child(2)&amp;quot;}
  (Session info: chrome=96.0.4664.110)
For documentation on this error, please visit: https://selenium.dev/exceptions/#no_such_element
Build info: version: &amp;apos;4.1.0&amp;apos;, revision: &amp;apos;87802e897b&amp;apos;
System info: host: &amp;apos;LTIN352866&amp;apos;, ip: &amp;apos;192.168.43.209&amp;apos;, os.name: &amp;apos;Windows 10&amp;apos;, os.arch: &amp;apos;amd64&amp;apos;, os.version: &amp;apos;10.0&amp;apos;, java.version: &amp;apos;1.8.0_291&amp;apos;
Driver info: org.openqa.selenium.chrome.ChromeDriver
Command: [964977c48bb94f10f72f1c69deaafafe, findElement {using=css selector, value=body &amp;gt; div:nth-child(1) &amp;gt; div:nth-child(12) &amp;gt; product-deck:nth-child(1) &amp;gt; section:nth-child(2) &amp;gt; div:nth-child(2) &amp;gt; div:nth-child(4) &amp;gt; div:nth-child(1) &amp;gt; div:nth-child(2) &amp;gt; div:nth-child(1) &amp;gt; div:nth-child(2) &amp;gt; div:nth-child(1) &amp;gt; div:nth-child(2) &amp;gt; product-template:nth-child(1) &amp;gt; div:nth-child(1) &amp;gt; div:nth-child(4) &amp;gt; div:nth-child(3) &amp;gt; div:nth-child(1) &amp;gt; div:nth-child(1) &amp;gt; h4:nth-child(2) &amp;gt; span:nth-child(2)}]
Capabilities {acceptInsecureCerts: false, browserName: chrome, browserVersion: 96.0.4664.110, chrome: {chromedriverVersion: 96.0.4664.18 (b8887b3d1742a..., userDataDir: C:\Users\2073223\AppData\Lo...}, goog:chromeOptions: {debuggerAddress: localhost:60733}, javascriptEnabled: true, networkConnectionEnabled: false, pageLoadStrategy: normal, platform: WINDOWS, platformName: WINDOWS, proxy: Proxy(), se:cdp: ws://localhost:60733/devtoo..., se:cdpVersion: 96.0.4664.110, setWindowRect: true, strictFileInteractability: false, timeouts: {implicit: 0, pageLoad: 300000, script: 30000}, unhandledPromptBehavior: dismiss and notify, webauthn:extension:credBlob: true, webauthn:extension:largeBlob: true, webauthn:virtualAuthenticators: true}
Session ID: 964977c48bb94f10f72f1c69deaafafe">
      <![CDATA[org.openqa.selenium.NoSuchElementException: no such element: Unable to locate element: {"method":"css selector","selector":"body > div:nth-child(1) > div:nth-child(12) > product-deck:nth-child(1) > section:nth-child(2) > div:nth-child(2) > div:nth-child(4) > div:nth-child(1) > div:nth-child(2) > div:nth-child(1) > div:nth-child(2) > div:nth-child(1) > div:nth-child(2) > product-template:nth-child(1) > div:nth-child(1) > div:nth-child(4) > div:nth-child(3) > div:nth-child(1) > div:nth-child(1) > h4:nth-child(2) > span:nth-child(2)"}
  (Session info: chrome=96.0.4664.110)
For documentation on this error, please visit: https://selenium.dev/exceptions/#no_such_element
Build info: version: '4.1.0', revision: '87802e897b'
System info: host: 'LTIN352866', ip: '192.168.43.209', os.name: 'Windows 10', os.arch: 'amd64', os.version: '10.0', java.version: '1.8.0_291'
Driver info: org.openqa.selenium.chrome.ChromeDriver
Command: [964977c48bb94f10f72f1c69deaafafe, findElement {using=css selector, value=body > div:nth-child(1) > div:nth-child(12) > product-deck:nth-child(1) > section:nth-child(2) > div:nth-child(2) > div:nth-child(4) > div:nth-child(1) > div:nth-child(2) > div:nth-child(1) > div:nth-child(2) > div:nth-child(1) > div:nth-child(2) > product-template:nth-child(1) > div:nth-child(1) > div:nth-child(4) > div:nth-child(3) > div:nth-child(1) > div:nth-child(1) > h4:nth-child(2) > span:nth-child(2)}]
Capabilities {acceptInsecureCerts: false, browserName: chrome, browserVersion: 96.0.4664.110, chrome: {chromedriverVersion: 96.0.4664.18 (b8887b3d1742a..., userDataDir: C:\Users\2073223\AppData\Lo...}, goog:chromeOptions: {debuggerAddress: localhost:60733}, javascriptEnabled: true, networkConnectionEnabled: false, pageLoadStrategy: normal, platform: WINDOWS, platformName: WINDOWS, proxy: Proxy(), se:cdp: ws://localhost:60733/devtoo..., se:cdpVersion: 96.0.4664.110, setWindowRect: true, strictFileInteractability: false, timeouts: {implicit: 0, pageLoad: 300000, script: 30000}, unhandledPromptBehavior: dismiss and notify, webauthn:extension:credBlob: true, webauthn:extension:largeBlob: true, webauthn:virtualAuthenticators: true}
Session ID: 964977c48bb94f10f72f1c69deaafafe
at sun.reflect.NativeConstructorAccessorImpl.newInstance0(Native Method)
at sun.reflect.NativeConstructorAccessorImpl.newInstance(NativeConstructorAccessorImpl.java:62)
at sun.reflect.DelegatingConstructorAccessorImpl.newInstance(DelegatingConstructorAccessorImpl.java:45)
at java.lang.reflect.Constructor.newInstance(Constructor.java:423)
at org.openqa.selenium.remote.codec.w3c.W3CHttpResponseCodec.createException(W3CHttpResponseCodec.java:200)
at org.openqa.selenium.remote.codec.w3c.W3CHttpResponseCodec.decode(W3CHttpResponseCodec.java:133)
at org.openqa.selenium.remote.codec.w3c.W3CHttpResponseCodec.decode(W3CHttpResponseCodec.java:53)
at org.openqa.selenium.remote.HttpCommandExecutor.execute(HttpCommandExecutor.java:184)
at org.openqa.selenium.remote.service.DriverCommandExecutor.invokeExecute(DriverCommandExecutor.java:164)
at org.openqa.selenium.remote.service.DriverCommandExecutor.execute(DriverCommandExecutor.java:139)
at org.openqa.selenium.remote.RemoteWebDriver.execute(RemoteWebDriver.java:559)
at org.openqa.selenium.remote.ElementLocation$ElementFinder$2.findElement(ElementLocation.java:162)
at org.openqa.selenium.remote.ElementLocation.findElement(ElementLocation.java:60)
at org.openqa.selenium.remote.RemoteWebDriver.findElement(RemoteWebDriver.java:383)
at org.openqa.selenium.remote.RemoteWebDriver.findElement(RemoteWebDriver.java:375)
at pageObjects.VegetablePage.getPrice(VegetablePage.java:31)
at StepDefinations.VegetablePageStepDefinations.the_user_should_get_the_price_of_the_product(VegetablePageStepDefinations.java:51)
at âœ½.The user should get the price of the product(file:///C:/Users/2073223/eclipse-workspace/cucumber_aut_next/src/test/java/features/search.feature:8)
]]>
    </failure>
  </testcase> <!-- runScenario -->
</testsuite> <!-- Default test -->
