<html>
<head>
<title>TestNG:  Default test</title>
<link href="../testng.css" rel="stylesheet" type="text/css" />
<link href="../my-testng.css" rel="stylesheet" type="text/css" />

<style type="text/css">
.log { display: none;} 
.stack-trace { display: none;} 
</style>
<script type="text/javascript">
<!--
function flip(e) {
  current = e.style.display;
  if (current == 'block') {
    e.style.display = 'none';
    return 0;
  }
  else {
    e.style.display = 'block';
    return 1;
  }
}

function toggleBox(szDivId, elem, msg1, msg2)
{
  var res = -1;  if (document.getElementById) {
    res = flip(document.getElementById(szDivId));
  }
  else if (document.all) {
    // this is the way old msie versions work
    res = flip(document.all[szDivId]);
  }
  if(elem) {
    if(res == 0) elem.innerHTML = msg1; else elem.innerHTML = msg2;
  }

}

function toggleAllBoxes() {
  if (document.getElementsByTagName) {
    d = document.getElementsByTagName('div');
    for (i = 0; i < d.length; i++) {
      if (d[i].className == 'log') {
        flip(d[i]);
      }
    }
  }
}

// -->
</script>

</head>
<body>
<h2 align='center'>Default test</h2><table border='1' align="center">
<tr>
<td>Tests passed/Failed/Skipped:</td><td>0/1/0</td>
</tr><tr>
<td>Started on:</td><td>Fri Feb 25 12:49:18 IST 2022</td>
</tr>
<tr><td>Total time:</td><td>36 seconds (36189 ms)</td>
</tr><tr>
<td>Included groups:</td><td></td>
</tr><tr>
<td>Excluded groups:</td><td></td>
</tr>
</table><p/>
<small><i>(Hover the method name to see the test class name)</i></small><p/>
<table width='100%' border='1' class='invocation-failed'>
<tr><td colspan='4' align='center'><b>FAILED TESTS</b></td></tr>
<tr><td><b>Test method</b></td>
<td width="30%"><b>Exception</b></td>
<td width="10%"><b>Time (seconds)</b></td>
<td><b>Instance</b></td>
</tr>
<tr>
<td title='cucumberOptions.FailedTestNGTestRunner.runScenario()'><b>runScenario</b><br>Test class: cucumberOptions.FailedTestNGTestRunner<br>Test method: Runs Cucumber Scenarios<br>Parameters: "Price validation.", "Optional[Search and place order for the product]"</td>
<td><div><pre>org.openqa.selenium.NoSuchElementException: no such element: Unable to locate element: {&quot;method&quot;:&quot;css selector&quot;,&quot;selector&quot;:&quot;body &gt; div:nth-child(1) &gt; div:nth-child(12) &gt; product-deck:nth-child(1) &gt; section:nth-child(2) &gt; div:nth-child(2) &gt; div:nth-child(4) &gt; div:nth-child(1) &gt; div:nth-child(2) &gt; div:nth-child(1) &gt; div:nth-child(2) &gt; div:nth-child(1) &gt; div:nth-child(2) &gt; product-template:nth-child(1) &gt; div:nth-child(1) &gt; div:nth-child(4) &gt; div:nth-child(3) &gt; div:nth-child(1) &gt; div:nth-child(1) &gt; h4:nth-child(2) &gt; span:nth-child(2)&quot;}
  (Session info: chrome=96.0.4664.110)
For documentation on this error, please visit: https://selenium.dev/exceptions/#no_such_element
Build info: version: &apos;4.1.0&apos;, revision: &apos;87802e897b&apos;
System info: host: &apos;LTIN352866&apos;, ip: &apos;192.168.43.209&apos;, os.name: &apos;Windows 10&apos;, os.arch: &apos;amd64&apos;, os.version: &apos;10.0&apos;, java.version: &apos;1.8.0_291&apos;
Driver info: org.openqa.selenium.chrome.ChromeDriver
Command: [964977c48bb94f10f72f1c69deaafafe, findElement {using=css selector, value=body &gt; div:nth-child(1) &gt; div:nth-child(12) &gt; product-deck:nth-child(1) &gt; section:nth-child(2) &gt; div:nth-child(2) &gt; div:nth-child(4) &gt; div:nth-child(1) &gt; div:nth-child(2) &gt; div:nth-child(1) &gt; div:nth-child(2) &gt; div:nth-child(1) &gt; div:nth-child(2) &gt; product-template:nth-child(1) &gt; div:nth-child(1) &gt; div:nth-child(4) &gt; div:nth-child(3) &gt; div:nth-child(1) &gt; div:nth-child(1) &gt; h4:nth-child(2) &gt; span:nth-child(2)}]
Capabilities {acceptInsecureCerts: false, browserName: chrome, browserVersion: 96.0.4664.110, chrome: {chromedriverVersion: 96.0.4664.18 (b8887b3d1742a..., userDataDir: C:\Users\2073223\AppData\Lo...}, goog:chromeOptions: {debuggerAddress: localhost:60733}, javascriptEnabled: true, networkConnectionEnabled: false, pageLoadStrategy: normal, platform: WINDOWS, platformName: WINDOWS, proxy: Proxy(), se:cdp: ws://localhost:60733/devtoo..., se:cdpVersion: 96.0.4664.110, setWindowRect: true, strictFileInteractability: false, timeouts: {implicit: 0, pageLoad: 300000, script: 30000}, unhandledPromptBehavior: dismiss and notify, webauthn:extension:credBlob: true, webauthn:extension:largeBlob: true, webauthn:virtualAuthenticators: true}
Session ID: 964977c48bb94f10f72f1c69deaafafe
	at sun.reflect.NativeConstructorAccessorImpl.newInstance0(Native Method)
	at sun.reflect.NativeConstructorAccessorImpl.newInstance(NativeConstructorAccessorImpl.java:62)
	at sun.reflect.DelegatingConstructorAccessorImpl.newInstance(DelegatingConstructorAccessorImpl.java:45)
	at java.lang.reflect.Constructor.newInstance(Constructor.java:423)
	at org.openqa.selenium.remote.codec.w3c.W3CHttpResponseCodec.createException(W3CHttpResponseCodec.java:200)
	at org.openqa.selenium.remote.codec.w3c.W3CHttpResponseCodec.decode(W3CHttpResponseCodec.java:133)
	at org.openqa.selenium.remote.codec.w3c.W3CHttpResponseCodec.decode(W3CHttpResponseCodec.java:53)
	at org.openqa.selenium.remote.HttpCommandExecutor.execute(HttpCommandExecutor.java:184)
	at org.openqa.selenium.remote.service.DriverCommandExecutor.invokeExecute(DriverCommandExecutor.java:164)
	at org.openqa.selenium.remote.service.DriverCommandExecutor.execute(DriverCommandExecutor.java:139)
	at org.openqa.selenium.remote.RemoteWebDriver.execute(RemoteWebDriver.java:559)
	at org.openqa.selenium.remote.ElementLocation$ElementFinder$2.findElement(ElementLocation.java:162)
	at org.openqa.selenium.remote.ElementLocation.findElement(ElementLocation.java:60)
	at org.openqa.selenium.remote.RemoteWebDriver.findElement(RemoteWebDriver.java:383)
	at org.openqa.selenium.remote.RemoteWebDriver.findElement(RemoteWebDriver.java:375)
	at pageObjects.VegetablePage.getPrice(VegetablePage.java:31)
	at StepDefinations.VegetablePageStepDefinations.the_user_should_get_the_price_of_the_product(VegetablePageStepDefinations.java:51)
	at ?.The user should get the price of the product(file:///C:/Users/2073223/eclipse-workspace/cucumber_aut_next/src/test/java/features/search.feature:8)
</pre></div><a href='#' onClick='toggleBox("stack-trace1806169383", this, "Click to show all stack frames", "Click to hide stack frames")'>Click to show all stack frames</a>
<div class='stack-trace' id='stack-trace1806169383'><pre>org.openqa.selenium.NoSuchElementException: no such element: Unable to locate element: {&quot;method&quot;:&quot;css selector&quot;,&quot;selector&quot;:&quot;body &gt; div:nth-child(1) &gt; div:nth-child(12) &gt; product-deck:nth-child(1) &gt; section:nth-child(2) &gt; div:nth-child(2) &gt; div:nth-child(4) &gt; div:nth-child(1) &gt; div:nth-child(2) &gt; div:nth-child(1) &gt; div:nth-child(2) &gt; div:nth-child(1) &gt; div:nth-child(2) &gt; product-template:nth-child(1) &gt; div:nth-child(1) &gt; div:nth-child(4) &gt; div:nth-child(3) &gt; div:nth-child(1) &gt; div:nth-child(1) &gt; h4:nth-child(2) &gt; span:nth-child(2)&quot;}
  (Session info: chrome=96.0.4664.110)
For documentation on this error, please visit: https://selenium.dev/exceptions/#no_such_element
Build info: version: &apos;4.1.0&apos;, revision: &apos;87802e897b&apos;
System info: host: &apos;LTIN352866&apos;, ip: &apos;192.168.43.209&apos;, os.name: &apos;Windows 10&apos;, os.arch: &apos;amd64&apos;, os.version: &apos;10.0&apos;, java.version: &apos;1.8.0_291&apos;
Driver info: org.openqa.selenium.chrome.ChromeDriver
Command: [964977c48bb94f10f72f1c69deaafafe, findElement {using=css selector, value=body &gt; div:nth-child(1) &gt; div:nth-child(12) &gt; product-deck:nth-child(1) &gt; section:nth-child(2) &gt; div:nth-child(2) &gt; div:nth-child(4) &gt; div:nth-child(1) &gt; div:nth-child(2) &gt; div:nth-child(1) &gt; div:nth-child(2) &gt; div:nth-child(1) &gt; div:nth-child(2) &gt; product-template:nth-child(1) &gt; div:nth-child(1) &gt; div:nth-child(4) &gt; div:nth-child(3) &gt; div:nth-child(1) &gt; div:nth-child(1) &gt; h4:nth-child(2) &gt; span:nth-child(2)}]
Capabilities {acceptInsecureCerts: false, browserName: chrome, browserVersion: 96.0.4664.110, chrome: {chromedriverVersion: 96.0.4664.18 (b8887b3d1742a..., userDataDir: C:\Users\2073223\AppData\Lo...}, goog:chromeOptions: {debuggerAddress: localhost:60733}, javascriptEnabled: true, networkConnectionEnabled: false, pageLoadStrategy: normal, platform: WINDOWS, platformName: WINDOWS, proxy: Proxy(), se:cdp: ws://localhost:60733/devtoo..., se:cdpVersion: 96.0.4664.110, setWindowRect: true, strictFileInteractability: false, timeouts: {implicit: 0, pageLoad: 300000, script: 30000}, unhandledPromptBehavior: dismiss and notify, webauthn:extension:credBlob: true, webauthn:extension:largeBlob: true, webauthn:virtualAuthenticators: true}
Session ID: 964977c48bb94f10f72f1c69deaafafe
	at sun.reflect.NativeConstructorAccessorImpl.newInstance0(Native Method)
	at sun.reflect.NativeConstructorAccessorImpl.newInstance(NativeConstructorAccessorImpl.java:62)
	at sun.reflect.DelegatingConstructorAccessorImpl.newInstance(DelegatingConstructorAccessorImpl.java:45)
	at java.lang.reflect.Constructor.newInstance(Constructor.java:423)
	at org.openqa.selenium.remote.codec.w3c.W3CHttpResponseCodec.createException(W3CHttpResponseCodec.java:200)
	at org.openqa.selenium.remote.codec.w3c.W3CHttpResponseCodec.decode(W3CHttpResponseCodec.java:133)
	at org.openqa.selenium.remote.codec.w3c.W3CHttpResponseCodec.decode(W3CHttpResponseCodec.java:53)
	at org.openqa.selenium.remote.HttpCommandExecutor.execute(HttpCommandExecutor.java:184)
	at org.openqa.selenium.remote.service.DriverCommandExecutor.invokeExecute(DriverCommandExecutor.java:164)
	at org.openqa.selenium.remote.service.DriverCommandExecutor.execute(DriverCommandExecutor.java:139)
	at org.openqa.selenium.remote.RemoteWebDriver.execute(RemoteWebDriver.java:559)
	at org.openqa.selenium.remote.ElementLocation$ElementFinder$2.findElement(ElementLocation.java:162)
	at org.openqa.selenium.remote.ElementLocation.findElement(ElementLocation.java:60)
	at org.openqa.selenium.remote.RemoteWebDriver.findElement(RemoteWebDriver.java:383)
	at org.openqa.selenium.remote.RemoteWebDriver.findElement(RemoteWebDriver.java:375)
	at pageObjects.VegetablePage.getPrice(VegetablePage.java:31)
	at StepDefinations.VegetablePageStepDefinations.the_user_should_get_the_price_of_the_product(VegetablePageStepDefinations.java:51)
	at ?.The user should get the price of the product(file:///C:/Users/2073223/eclipse-workspace/cucumber_aut_next/src/test/java/features/search.feature:8)
</pre></div></td>
<td>34</td>
<td>cucumberOptions.FailedTestNGTestRunner@f4168b8</td></tr>
</table><p>
</body>
</html>